<?xml version="1.0" encoding="UTF-8"?>
<persistence xmlns="http://java.sun.com/xml/ns/persistence"
             xmlns:xsi="http://www.w3.org/2001/XMLSchema-instance"
             xsi:schemaLocation="http://java.sun.com/xml/ns/persistence http://java.sun.com/xml/ns/persistence/persistence_2_0.xsd"
             version="2.0">

    <persistence-unit name="myPU" transaction-type="JTA">
        <jta-data-source>fooDS</jta-data-source>              <!--1-->

        <properties>
            <property name="openjpa.jdbc.SynchronizeMappings"
                      value="buildSchema(ForeignKeys=true)"/> <!--2-->
            <property name="openjpa.Log"
                      value="DefaultLevel=TRACE,SQL=TRACE" /> <!--3-->
        </properties>
    </persistence-unit>
</persistence>